   284.3ms (setup:1340): 2026-07-14 19:27:20
   284.4ms (setup:1341): /usr/bin/pipx install .
   284.4ms (setup:1342): pipx version is 1.14.0
   284.4ms (setup:1343): Default python interpreter is '/usr/bin/python3.13'
   340.2ms (_validate_backend_available:309): Backend resolved to pip (source: auto-pip)
   340.8ms (_parsed_package_to_package_or_url:138): cleaned package spec: /home/tobias/sherlock
   343.8ms (create_venv:250): Creating virtual environment
   344.5ms (run_subprocess:182): running /usr/bin/python3.13 -m venv --without-pip /tmp/tmpgxxvwl0d
   422.2ms (run_subprocess:207): stdout:
   422.3ms (run_subprocess:209): stderr:
   422.3ms (run_subprocess:210): returncode: 0
   423.1ms (run_subprocess:182): running <checking pip's availability>
   446.5ms (run_subprocess:207): stdout: ModuleSpec(name='pip', loader=<_frozen_importlib_external.SourceFileLoader object at 0x7af1c26b7350>, origin='/home/tobias/.local/share/pipx/shared/lib/python3.13/site-packages/pip/__init__.py', submodule_search_locations=['/home/tobias/.local/share/pipx/shared/lib/python3.13/site-packages/pip'])
   446.6ms (run_subprocess:210): returncode: 0
   446.9ms (run_subprocess:182): running /tmp/tmpgxxvwl0d/bin/python -c import sysconfig; print(sysconfig.get_path('purelib'))
   476.9ms (run_subprocess:207): stdout: /tmp/tmpgxxvwl0d/lib/python3.13/site-packages
   477.1ms (run_subprocess:210): returncode: 0
   477.5ms (run_subprocess:182): running /home/tobias/.local/share/pipx/shared/bin/python -c import sysconfig; print(sysconfig.get_path('purelib'))
   500.7ms (run_subprocess:207): stdout: /home/tobias/.local/share/pipx/shared/lib/python3.13/site-packages
   500.8ms (run_subprocess:210): returncode: 0
   501.4ms (run_subprocess:182): running /tmp/tmpgxxvwl0d/bin/python --version
   504.4ms (run_subprocess:207): stdout: Python 3.13.12
   504.4ms (run_subprocess:209): stderr:
   504.4ms (run_subprocess:210): returncode: 0
   505.0ms (run_subprocess:182): running /tmp/tmpgxxvwl0d/bin/python -m pip list --format=json
   927.0ms (run_subprocess:207): stdout: [{"name": "pip", "version": "26.1.2"}]
   927.2ms (run_subprocess:209): stderr:
   927.2ms (run_subprocess:210): returncode: 0
   927.3ms (run_subprocess:182): running /tmp/tmpgxxvwl0d/bin/python -m pip --no-input install --no-dependencies /home/tobias/sherlock
370791.0ms (run_subprocess:207): stdout: Processing /home/tobias/sherlock
  Installing build dependencies: started
  Installing build dependencies: still running...
  Installing build dependencies: still running...
  Installing build dependencies: still running...
  Installing build dependencies: still running...
  Installing build dependencies: still running...
  Installing build dependencies: still running...
  Installing build dependencies: finished with status 'error'
370791.3ms (run_subprocess:209): stderr:   error: subprocess-exited-with-error
  
  × installing build dependencies did not run successfully.
  │ exit code: 1
  ╰─> [7 lines of output]
      WARNING: Retrying (Retry(total=4, connect=None, read=None, redirect=None, status=None)) after connection broken by 'NewConnectionError("HTTPSConnection(host='pypi.org', port=443): Failed to establish a new connection: [Errno 101] Network is unreachable")': /simple/poetry-core/
      WARNING: Retrying (Retry(total=3, connect=None, read=None, redirect=None, status=None)) after connection broken by 'NewConnectionError("HTTPSConnection(host='pypi.org', port=443): Failed to establish a new connection: [Errno 101] Network is unreachable")': /simple/poetry-core/
      WARNING: Retrying (Retry(total=2, connect=None, read=None, redirect=None, status=None)) after connection broken by 'NewConnectionError("HTTPSConnection(host='pypi.org', port=443): Failed to establish a new connection: [Errno 101] Network is unreachable")': /simple/poetry-core/
      WARNING: Retrying (Retry(total=1, connect=None, read=None, redirect=None, status=None)) after connection broken by 'NewConnectionError("HTTPSConnection(host='pypi.org', port=443): Failed to establish a new connection: [Errno 101] Network is unreachable")': /simple/poetry-core/
      WARNING: Retrying (Retry(total=0, connect=None, read=None, redirect=None, status=None)) after connection broken by 'NewConnectionError("HTTPSConnection(host='pypi.org', port=443): Failed to establish a new connection: [Errno 101] Network is unreachable")': /simple/poetry-core/
      ERROR: Could not find a version that satisfies the requirement poetry-core>=1.2.0 (from versions: none)
      ERROR: No matching distribution found for poetry-core>=1.2.0
      [end of output]
  
  note: This error originates from a subprocess, and is likely not a problem with pip.
ERROR: Failed to build 'file:///home/tobias/sherlock' when installing build dependencies
370791.4ms (run_subprocess:210): returncode: 1
370791.8ms (subprocess_post_check:224): '/tmp/tmpgxxvwl0d/bin/python -m pip --no-input install --no-dependencies /home/tobias/sherlock' failed
370794.7ms (cli:1434): PipxError: Cannot determine package name from spec '/home/tobias/sherlock'. Check package spec for errors.
Traceback (most recent call last):
  File "/usr/lib/python3/dist-packages/pipx/main.py", line 1431, in cli
    return run_pipx_command(parsed_pipx_args)
  File "/usr/lib/python3/dist-packages/pipx/main.py", line 298, in run_pipx_command
    return args.func(args, ctx)
           ~~~~~~~~~^^^^^^^^^^^
  File "/usr/lib/python3/dist-packages/pipx/main.py", line 462, in _cmd_install
    return commands.install(
           ~~~~~~~~~~~~~~~~^
        None,
        ^^^^^
    ...<15 lines>...
        env_backend=ctx.env_backend,
        ^^^^^^^^^^^^^^^^^^^^^^^^^^^^
    )
    ^
  File "/usr/lib/python3/dist-packages/pipx/commands/install.py", line 52, in install
    package_name_from_spec(
    ~~~~~~~~~~~~~~~~~~~~~~^
        package_spec,
        ^^^^^^^^^^^^^
    ...<4 lines>...
        env_backend=env_backend,
        ^^^^^^^^^^^^^^^^^^^^^^^^
    )
    ^
  File "/usr/lib/python3/dist-packages/pipx/commands/common.py", line 419, in package_name_from_spec
    package_name = venv.install_package_no_deps(package_or_url=package_spec, pip_args=pip_args)
  File "/usr/lib/python3/dist-packages/pipx/venv.py", line 393, in install_package_no_deps
    raise PipxError(
    ...<4 lines>...
    )
pipx.util.PipxError: Cannot determine package name from spec '/home/tobias/sherlock'. Check package spec for errors.
370824.0ms (cli:1442): pipx finished.
