   226.0ms (setup:1340): 2026-07-11 01:11:44
   226.3ms (setup:1341): /usr/bin/pipx install .
   226.4ms (setup:1342): pipx version is 1.14.0
   226.5ms (setup:1343): Default python interpreter is '/usr/bin/python3.13'
   226.8ms (mkdir:72): creating directory /home/tobias/.local/share/pipx/venvs
   228.4ms (mkdir:72): creating directory /home/tobias/.local/share/man
   229.0ms (mkdir:72): creating directory /home/tobias/.cache/pipx
   229.7ms (mkdir:72): creating directory /home/tobias/.local/share/pipx/py
   230.4ms (setup:1357): Adding CACHEDIR.TAG to cache directory
   230.5ms (setup:1357): Adding CACHEDIR.TAG to cache directory
   315.3ms (_validate_backend_available:309): Backend resolved to pip (source: auto-pip)
   316.1ms (_parsed_package_to_package_or_url:138): cleaned package spec: /home/tobias/sherlock/sherlock/sherlock
   317.6ms (create_venv:250): Creating virtual environment
   318.5ms (run_subprocess:182): running /usr/bin/python3.13 -m venv --without-pip /tmp/tmp4r7jw7xu
   383.8ms (run_subprocess:207): stdout:
   383.9ms (run_subprocess:209): stderr:
   384.0ms (run_subprocess:210): returncode: 0
   385.8ms (run_subprocess:182): running /usr/bin/python3.13 -m venv --clear /home/tobias/.local/share/pipx/shared
  3443.0ms (run_subprocess:207): stdout:
  3443.2ms (run_subprocess:209): stderr:
  3443.2ms (run_subprocess:210): returncode: 0
  3444.5ms (run_subprocess:182): running <checking pip's availability>
  3463.0ms (run_subprocess:207): stdout: ModuleSpec(name='pip', loader=<_frozen_importlib_external.SourceFileLoader object at 0x7b1dc2a7f350>, origin='/home/tobias/.local/share/pipx/shared/lib/python3.13/site-packages/pip/__init__.py', submodule_search_locations=['/home/tobias/.local/share/pipx/shared/lib/python3.13/site-packages/pip'])
  3463.2ms (run_subprocess:210): returncode: 0
  3463.6ms (upgrade:177): Upgrading shared libraries in /home/tobias/.local/share/pipx/shared
  3464.9ms (run_subprocess:182): running /home/tobias/.local/share/pipx/shared/bin/python -m pip --no-input --disable-pip-version-check install --upgrade --force-reinstall -q pip >= 23.1
  6725.1ms (run_subprocess:207): stdout:
  6725.2ms (run_subprocess:209): stderr:
  6725.2ms (run_subprocess:210): returncode: 0
  6726.3ms (run_subprocess:182): running /home/tobias/.local/share/pipx/shared/bin/python -m pip --no-input uninstall -y setuptools
  7235.1ms (run_subprocess:207): stdout:
  7235.3ms (run_subprocess:210): returncode: 0
  7235.5ms (run_subprocess:182): running /tmp/tmp4r7jw7xu/bin/python -c import sysconfig; print(sysconfig.get_path('purelib'))
  7258.0ms (run_subprocess:207): stdout: /tmp/tmp4r7jw7xu/lib/python3.13/site-packages
  7258.1ms (run_subprocess:210): returncode: 0
  7258.8ms (run_subprocess:182): running /home/tobias/.local/share/pipx/shared/bin/python -c import sysconfig; print(sysconfig.get_path('purelib'))
  7283.9ms (run_subprocess:207): stdout: /home/tobias/.local/share/pipx/shared/lib/python3.13/site-packages
  7284.0ms (run_subprocess:210): returncode: 0
  7284.6ms (run_subprocess:182): running /tmp/tmp4r7jw7xu/bin/python --version
  7287.0ms (run_subprocess:207): stdout: Python 3.13.12
  7287.0ms (run_subprocess:209): stderr:
  7287.1ms (run_subprocess:210): returncode: 0
  7287.6ms (run_subprocess:182): running /tmp/tmp4r7jw7xu/bin/python -m pip list --format=json
  7550.6ms (run_subprocess:207): stdout: [{"name": "pip", "version": "26.1.2"}]
  7550.8ms (run_subprocess:209): stderr:
  7550.8ms (run_subprocess:210): returncode: 0
  7550.9ms (run_subprocess:182): running /tmp/tmp4r7jw7xu/bin/python -m pip --no-input install --no-dependencies /home/tobias/sherlock/sherlock/sherlock
 10767.2ms (run_subprocess:207): stdout: Processing /home/tobias/sherlock/sherlock/sherlock
  Installing build dependencies: started
  Installing build dependencies: finished with status 'done'
  Getting requirements to build wheel: started
  Getting requirements to build wheel: finished with status 'done'
  Preparing metadata (pyproject.toml): started
  Preparing metadata (pyproject.toml): finished with status 'done'
Building wheels for collected packages: sherlock-project
  Building wheel for sherlock-project (pyproject.toml): started
  Building wheel for sherlock-project (pyproject.toml): finished with status 'done'
  Created wheel for sherlock-project: filename=sherlock_project-0.16.1-py3-none-any.whl size=38532 sha256=4fcc80715140c65976561c57428462c3b412a4eacd4797232ab109a991f5dfdd
  Stored in directory: /tmp/pip-ephem-wheel-cache-mbreprm7/wheels/da/b6/82/fd6c9c4af8b57ace7fd594a8aad7fccfd6977e79286e4e7cc8
Successfully built sherlock-project
Installing collected packages: sherlock-project
Successfully installed sherlock-project-0.16.1
 10767.4ms (run_subprocess:209): stderr:
 10767.5ms (run_subprocess:210): returncode: 0
 10768.1ms (run_subprocess:182): running /tmp/tmp4r7jw7xu/bin/python -m pip list --format=json
 11026.8ms (run_subprocess:207): stdout: [{"name": "pip", "version": "26.1.2"}, {"name": "sherlock-project", "version": "0.16.1"}]
 11026.9ms (run_subprocess:209): stderr:
 11026.9ms (run_subprocess:210): returncode: 0
 11026.9ms (install_package_no_deps:403): Determined package name: sherlock-project
 11028.8ms (package_name_from_spec:421): Package name determined in 10.7s
 11029.0ms (create_venv:250): Creating virtual environment
 11029.5ms (run_subprocess:182): running /usr/bin/python3.13 -m venv --without-pip /home/tobias/.local/share/pipx/venvs/sherlock-project
 11089.8ms (run_subprocess:207): stdout:
 11090.0ms (run_subprocess:209): stderr:
 11090.0ms (run_subprocess:210): returncode: 0
 11090.9ms (run_subprocess:182): running <checking pip's availability>
 11111.2ms (run_subprocess:207): stdout: ModuleSpec(name='pip', loader=<_frozen_importlib_external.SourceFileLoader object at 0x74474783b350>, origin='/home/tobias/.local/share/pipx/shared/lib/python3.13/site-packages/pip/__init__.py', submodule_search_locations=['/home/tobias/.local/share/pipx/shared/lib/python3.13/site-packages/pip'])
 11111.2ms (run_subprocess:210): returncode: 0
 11111.5ms (run_subprocess:182): running /home/tobias/.local/share/pipx/venvs/sherlock-project/bin/python -c import sysconfig; print(sysconfig.get_path('purelib'))
 11131.8ms (run_subprocess:207): stdout: /home/tobias/.local/share/pipx/venvs/sherlock-project/lib/python3.13/site-packages
 11131.9ms (run_subprocess:210): returncode: 0
 11132.4ms (run_subprocess:182): running /home/tobias/.local/share/pipx/venvs/sherlock-project/bin/python --version
 11134.3ms (run_subprocess:207): stdout: Python 3.13.12
 11134.4ms (run_subprocess:209): stderr:
 11134.4ms (run_subprocess:210): returncode: 0
 11134.6ms (_parsed_package_to_package_or_url:138): cleaned package spec: /home/tobias/sherlock/sherlock/sherlock
 11134.6ms (install_package:334): Installing sherlock-project from spec '/home/tobias/sherlock/sherlock/sherlock'
 11135.2ms (run_subprocess:182): running /home/tobias/.local/share/pipx/venvs/sherlock-project/bin/python -m pip --no-input install /home/tobias/sherlock/sherlock/sherlock
 44980.5ms (run_subprocess:210): returncode: 0
 44981.6ms (run_subprocess:182): running <fetch_info_in_venv commands>
 45011.0ms (run_subprocess:207): stdout: {"sys_path": ["/usr/lib/python313.zip", "/usr/lib/python3.13", "/usr/lib/python3.13/lib-dynload", "/home/tobias/.local/share/pipx/venvs/sherlock-project/lib/python3.13/site-packages", "/home/tobias/.local/share/pipx/shared/lib/python3.13/site-packages"], "python_version": "3.13.12", "environment": {"implementation_name": "cpython", "implementation_version": "3.13.12", "os_name": "posix", "platform_machine": "x86_64", "platform_release": "6.18.33.1-microsoft-standard-WSL2", "platform_system": "Linux", "platform_version": "#1 SMP PREEMPT_DYNAMIC Fri Jun  5 01:12:21 UTC 2026", "python_full_version": "3.13.12", "platform_python_implementation": "CPython", "python_version": "3.13", "sys_platform": "linux"}}
 45011.1ms (run_subprocess:210): returncode: 0
 45285.8ms (get_venv_metadata_for_package:419): get_venv_metadata_for_package: 305ms
 45285.9ms (_parsed_package_to_package_or_url:138): cleaned package spec: /home/tobias/sherlock/sherlock/sherlock
 45288.2ms (_symlink_package_resource:195): ⚠️  Note: sherlock was already on your PATH at /usr/bin/sherlock
 45289.8ms (cli:1442): pipx finished.
